app/seeds.txt
com.example.reminds.R$styleable: int Layout_layout_constraintCircle
com.example.reminds.R$styleable: int AppCompatTheme_actionBarDivider
com.example.reminds.R$styleable: int SignInButton_buttonSize
com.example.reminds.R$id: int clip_horizontal
com.example.reminds.R$styleable: int ConstraintSet_layout_constraintBottom_toBottomOf
com.example.reminds.R$id: int packed
com.example.reminds.R$id: int BOTTOM_START
com.example.reminds.R$styleable: int ConstraintSet_layout_constraintHorizontal_chainStyle
com.example.reminds.R$styleable: int AppCompatTheme_listMenuViewStyle
com.example.reminds.R$styleable: int ConstraintSet_layout_constraintRight_toLeftOf
com.example.reminds.R$styleable: int MenuItem_android_icon
com.example.reminds.R$id: int rounded
com.example.reminds.R$id: int confirm_button
com.example.reminds.R$id: int mtrl_motion_snapshot_view
com.example.reminds.R$styleable: int SwitchCompat_android_textOn
com.example.reminds.R$styleable: int Layout_layout_goneMarginEnd
com.example.reminds.R$styleable: int NavAction_enterAnim
com.example.reminds.R$styleable: int ShapeableImageView_contentPaddingBottom
com.example.reminds.R$styleable: int RecyclerView_fastScrollHorizontalTrackDrawable
com.example.reminds.R$id: int viewDividerContentMore
com.example.reminds.R$styleable: int ConstraintLayout_Layout_android_maxWidth
com.example.reminds.R$id: int spline
com.example.reminds.R$styleable: int FingerPaintImageView_inEditMode
com.example.reminds.R$styleable: int[] NavAction
com.example.reminds.R$styleable: int TextInputLayout_placeholderText
com.example.reminds.R$id: int outward
com.example.reminds.R$styleable: int CardView_contentPaddingLeft
com.example.reminds.R$styleable: int[] ListPopupWindow
com.example.reminds.R$id: int tvToday
com.example.reminds.R$styleable: int AppCompatTheme_autoCompleteTextViewStyle
com.example.reminds.R$styleable: int AppCompatTheme_popupMenuStyle
com.example.reminds.R$styleable: int[] Motion
com.example.reminds.R$styleable: int AppBarLayoutStates_state_collapsible
com.example.reminds.R$styleable: int ConstraintSet_layout_constraintLeft_creator
com.example.reminds.R$styleable: int MaterialCalendarView_mcv_selectionColor
com.example.reminds.R$styleable: int Layout_layout_goneMarginRight
com.example.reminds.R$styleable: int ColorStateListItem_alpha
com.example.reminds.R$styleable: int AppCompatTheme_searchViewStyle
com.example.reminds.R$styleable: int PopupWindow_android_popupAnimationStyle
com.example.reminds.R$styleable: int ConstraintSet_android_orientation
com.example.reminds.R$styleable: int CoordinatorLayout_Layout_android_layout_gravity
com.example.reminds.R$styleable: int Slider_thumbStrokeWidth
com.example.reminds.R$styleable: int AppCompatTextHelper_android_drawableTop
com.example.reminds.R$styleable: int SwitchCompat_showText
com.example.reminds.R$styleable: int KeyTimeCycle_transitionPathRotate
com.example.reminds.R$id: int cancel_action
com.example.reminds.R$id: int vertical
com.example.reminds.R$styleable: int Transition_android_id
com.example.reminds.R$styleable: int MaterialCalendar_dayInvalidStyle
com.example.reminds.R$id: int submit_area
com.example.reminds.R$styleable: int Chip_showMotionSpec
com.example.reminds.R$styleable: int ShapeableImageView_contentPaddingRight
com.example.reminds.R$styleable: int[] ConstraintLayout_placeholder
com.example.reminds.R$styleable: int[] CircleCheckbox
com.example.reminds.R$id: int imgIconAnimation
com.example.reminds.R$styleable: int KeyPosition_pathMotionArc
com.example.reminds.R$styleable: int SearchView_voiceIcon
com.example.reminds.R$id: int motion_base
com.example.reminds.R$id: int easeOut
com.example.reminds.R$id: int showHome
com.example.reminds.R$styleable: int ConstraintSet_layout_constraintTag
com.example.reminds.R$styleable: int ConstraintSet_layout_goneMarginTop
com.example.reminds.R$id: int nav_controller_view_tag
...
com.google.android.material.R$dimen: int design_snackbar_action_inline_max_width
com.google.android.material.R$layout: int mtrl_picker_dialog
com.google.android.gms.internal.ads.zzegt: com.google.android.gms.internal.ads.zzegw zziie
com.google.android.material.chip.Chip: void setCheckedIconTintResource(int)
com.google.android.material.R$styleable: int StateListDrawableItem_android_drawable
com.google.android.material.textfield.TextInputLayout: TextInputLayout(android.content.Context,android.util.AttributeSet)
com.google.android.material.R$drawable: int abc_list_divider_mtrl_alpha
androidx.coordinatorlayout.widget.CoordinatorLayout
com.google.android.material.R$style: int TextAppearance_AppCompat_Display4
com.google.android.material.R$attr: int region_widthLessThan
com.google.android.material.R$styleable: int GradientColorItem_android_color
androidx.constraintlayout.widget.R$styleable: int LinearLayoutCompat_divider
androidx.fragment.R$id: int accessibility_custom_action_6
com.google.android.material.R$styleable: int TabLayout_tabMaxWidth
androidx.constraintlayout.widget.R$styleable: int Layout_layout_goneMarginLeft
com.google.android.material.R$styleable: int FloatingActionButton_Behavior_Layout_behavior_autoHide
androidx.fragment.app.Fragment$SavedState
com.google.android.material.R$styleable: int MaterialAlertDialogTheme_materialAlertDialogTitleTextStyle
org.threeten.bp.chrono.JapaneseEra
androidx.navigation.R$id: int accessibility_custom_action_17
com.google.android.material.R$styleable: int TabLayout_tabIconTintMode
com.google.android.material.textfield.TextInputLayout: android.widget.EditText getEditText()
androidx.core.R$styleable: int FontFamilyFont_font
com.google.android.gms.internal.ads.zzbam: long getTotalBytes()
androidx.fragment.R$id: int accessibility_custom_action_4
com.fasterxml.jackson.databind.introspect.AnnotatedConstructor
androidx.constraintlayout.widget.R$styleable: int ActivityChooserView_expandActivityOverflowButtonDrawable
androidx.appcompat.widget.SwitchCompat: void setCustomSelectionActionModeCallback(android.view.ActionMode$Callback)
androidx.cardview.R$style: int CardView_Light
androidx.constraintlayout.widget.ConstraintLayout: int getOptimizationLevel()
androidx.constraintlayout.widget.R$styleable: int ConstraintLayout_Layout_layout_constraintTag
androidx.appcompat.widget.AppCompatImageButton: void setSupportBackgroundTintMode(android.graphics.PorterDuff$Mode)
com.prolificinteractive.materialcalendarview.R$id: int search_close_btn
nl.picnic.fingerpaintview.R$styleable: int AppCompatTheme_actionBarStyle
com.google.android.material.R$attr: int switchMinWidth
com.prolificinteractive.materialcalendarview.R$styleable: int PopupWindowBackgroundState_state_above_anchor
com.google.android.gms.measurement.AppMeasurement$ConditionalUserProperty: android.os.Bundle mTimedOutEventParams
androidx.appcompat.widget.AppCompatCheckBox: android.content.res.ColorStateList getSupportButtonTintList()
com.google.android.material.card.MaterialCardView: void setCheckedIconResource(int)
com.google.android.material.slider.BaseSlider: void setThumbStrokeWidth(float)
androidx.appcompat.R$attr: int dropDownListViewStyle
com.google.android.material.R$styleable: int MenuItem_iconTintMode
com.google.android.material.R$style: int Widget_MaterialComponents_ExtendedFloatingActionButton_Icon
androidx.appcompat.R$styleable: int[] GradientColorItem
com.prolificinteractive.materialcalendarview.R$styleable: int ColorStateListItem_alpha
androidx.transition.R$id: int tag_accessibility_heading
androidx.navigation.ui.R$string: int abc_shareactionprovider_share_with_application
androidx.appcompat.widget.AppCompatSpinner: android.content.res.ColorStateList getSupportBackgroundTintList()
com.google.android.material.R$dimen: int abc_text_size_display_3_material
androidx.constraintlayout.widget.R$styleable: int AppCompatTheme_actionModeShareDrawable
androidx.constraintlayout.widget.R$styleable: int ConstraintLayout_Layout_android_elevation